<?xml version="1.0" encoding="UTF-8"?>
<testng-results ignored="0" total="1" passed="1" failed="0" skipped="0">
  <reporter-output>
  </reporter-output>
  <suite started-at="2024-06-14T18:04:59 IST" name="Default suite" finished-at="2024-06-14T18:05:00 IST" duration-ms="954">
    <groups>
    </groups>
    <test started-at="2024-06-14T18:04:59 IST" name="Default test" finished-at="2024-06-14T18:05:00 IST" duration-ms="954">
      <class name="tests.Test1">
        <test-method is-config="true" signature="setup()[pri:0, instance:tests.Test1@70e9c95d]" started-at="2024-06-14T18:04:59 IST" name="setup" finished-at="2024-06-14T18:04:59 IST" duration-ms="735" status="PASS">
          <reporter-output>
          </reporter-output>
        </test-method> <!-- setup -->
        <test-method signature="transferDatatoDB()[pri:0, instance:tests.Test1@70e9c95d]" started-at="2024-06-14T18:04:59 IST" name="transferDatatoDB" finished-at="2024-06-14T18:04:59 IST" duration-ms="122" status="PASS">
          <reporter-output>
          </reporter-output>
        </test-method> <!-- transferDatatoDB -->
        <test-method is-config="true" signature="tearDown()[pri:0, instance:tests.Test1@70e9c95d]" started-at="2024-06-14T18:04:59 IST" name="tearDown" finished-at="2024-06-14T18:05:00 IST" duration-ms="81" status="PASS">
          <reporter-output>
          </reporter-output>
        </test-method> <!-- tearDown -->
      </class> <!-- tests.Test1 -->
    </test> <!-- Default test -->
  </suite> <!-- Default suite -->
</testng-results>
